DEV_KW/MDM_Brower/app/build/outputs/logs/manifest-merger-debug-report.txt
-- Merging decision tree log ---
manifest
ADDED from src\main\AndroidManifest.xml:3:1-102:12
	package
		ADDED from src\main\AndroidManifest.xml:4:11-42
		INJECTED from src\main\AndroidManifest.xml
		INJECTED from src\main\AndroidManifest.xml
	android:versionName
		ADDED from src\main\AndroidManifest.xml:6:11-52
		INJECTED from src\main\AndroidManifest.xml
		INJECTED from src\main\AndroidManifest.xml
	android:versionCode
		ADDED from src\main\AndroidManifest.xml:5:11-35
		INJECTED from src\main\AndroidManifest.xml
		INJECTED from src\main\AndroidManifest.xml
	xmlns:android
		ADDED from src\main\AndroidManifest.xml:3:11-69
uses-sdk
ADDED from src\main\AndroidManifest.xml:9:5-44
MERGED from [com.android.support:support-v4:22.2.1] AndroidManifest.xml:20:5-43
	android:targetSdkVersion
		INJECTED from src\main\AndroidManifest.xml
		INJECTED from src\main\AndroidManifest.xml
	android:minSdkVersion
		ADDED from src\main\AndroidManifest.xml:9:15-41
		INJECTED from src\main\AndroidManifest.xml
		INJECTED from src\main\AndroidManifest.xml
uses-permission#android.permission.INTERNET
ADDED from src\main\AndroidManifest.xml:12:5-67
	android:name
		ADDED from src\main\AndroidManifest.xml:12:22-64
uses-permission#android.permission.ACCESS_NETWORK_STATE
ADDED from src\main\AndroidManifest.xml:13:5-79
	android:name
		ADDED from src\main\AndroidManifest.xml:13:22-76
uses-permission#android.permission.ACCESS_COARSE_LOCATION
ADDED from src\main\AndroidManifest.xml:14:5-81
	android:name
		ADDED from src\main\AndroidManifest.xml:14:22-78
uses-permission#android.permission.ACCESS_FINE_LOCATION
ADDED from src\main\AndroidManifest.xml:15:5-79
	android:name
		ADDED from src\main\AndroidManifest.xml:15:22-76
uses-permission#android.permission.READ_EXTERNAL_STORAGE
ADDED from src\main\AndroidManifest.xml:16:5-80
	android:name
		ADDED from src\main\AndroidManifest.xml:16:22-77
uses-permission#android.permission.WRITE_EXTERNAL_STORAGE
ADDED from src\main\AndroidManifest.xml:17:5-81
	android:name
		ADDED from src\main\AndroidManifest.xml:17:22-78
application
ADDED from src\main\AndroidManifest.xml:20:5-100:19
MERGED from [com.android.support:support-v4:22.2.1] AndroidManifest.xml:22:5-20
	android:enabled
		ADDED from src\main\AndroidManifest.xml:23:18-40
	android:label
		ADDED from src\main\AndroidManifest.xml:20:18-50
	android:allowBackup
		ADDED from src\main\AndroidManifest.xml:22:18-44
	android:icon
		ADDED from src\main\AndroidManifest.xml:21:18-54
	android:largeHeap
		ADDED from src\main\AndroidManifest.xml:24:18-42
activity#cn.kiway.brower.Activity.HolderActivity
ADDED from src\main\AndroidManifest.xml:27:9-38:20
	android:label
		ADDED from src\main\AndroidManifest.xml:28:19-51
	android:launchMode
		ADDED from src\main\AndroidManifest.xml:29:19-50
	android:theme
		ADDED from src\main\AndroidManifest.xml:30:19-65
	android:name
		ADDED from src\main\AndroidManifest.xml:27:19-73
intent-filter#android.intent.action.VIEW+android.intent.category.BROWSABLE+android.intent.category.DEFAULT
ADDED from src\main\AndroidManifest.xml:31:13-37:29
action#android.intent.action.VIEW
ADDED from src\main\AndroidManifest.xml:32:17-69
	android:name
		ADDED from src\main\AndroidManifest.xml:32:25-66
category#android.intent.category.DEFAULT
ADDED from src\main\AndroidManifest.xml:33:17-76
	android:name
		ADDED from src\main\AndroidManifest.xml:33:27-73
category#android.intent.category.BROWSABLE
ADDED from src\main\AndroidManifest.xml:34:17-78
	android:name
		ADDED from src\main\AndroidManifest.xml:34:27-75
data
ADDED from src\main\AndroidManifest.xml:35:17-66
	android:scheme
		ADDED from src\main\AndroidManifest.xml:35:23-63
service#cn.kiway.brower.Service.HolderService
ADDED from src\main\AndroidManifest.xml:41:9-44:19
	android:label
		ADDED from src\main\AndroidManifest.xml:42:18-50
	android:icon
		ADDED from src\main\AndroidManifest.xml:43:18-54
	android:name
		ADDED from src\main\AndroidManifest.xml:41:18-70
activity#cn.kiway.brower.Activity.BrowserActivity
ADDED from src\main\AndroidManifest.xml:47:9-62:20
	android:label
		ADDED from src\main\AndroidManifest.xml:48:19-51
	android:launchMode
		ADDED from src\main\AndroidManifest.xml:49:19-54
	android:windowSoftInputMode
		ADDED from src\main\AndroidManifest.xml:52:19-61
	android:configChanges
		ADDED from src\main\AndroidManifest.xml:50:19-80
	android:theme
		ADDED from src\main\AndroidManifest.xml:51:19-62
	android:name
		ADDED from src\main\AndroidManifest.xml:47:19-74
intent-filter#android.intent.action.MAIN+android.intent.action.WEB_SEARCH+android.intent.category.DEFAULT+android.intent.category.LAUNCHER
ADDED from src\main\AndroidManifest.xml:53:13-58:29
action#android.intent.action.MAIN
ADDED from src\main\AndroidManifest.xml:54:17-68
	android:name
		ADDED from src\main\AndroidManifest.xml:54:25-66
action#android.intent.action.WEB_SEARCH
ADDED from src\main\AndroidManifest.xml:55:17-75
	android:name
		ADDED from src\main\AndroidManifest.xml:55:25-72
category#android.intent.category.LAUNCHER
ADDED from src\main\AndroidManifest.xml:57:17-76
	android:name
		ADDED from src\main\AndroidManifest.xml:57:27-74
meta-data#android.app.searchable
ADDED from src\main\AndroidManifest.xml:59:13-61:25
	android:resource
		ADDED from src\main\AndroidManifest.xml:60:24-58
	android:name
		ADDED from src\main\AndroidManifest.xml:59:24-61
activity#cn.kiway.brower.Activity.ReadabilityActivity
ADDED from src\main\AndroidManifest.xml:65:9-68:20
	android:label
		ADDED from src\main\AndroidManifest.xml:66:19-60
	android:theme
		ADDED from src\main\AndroidManifest.xml:67:19-66
	android:name
		ADDED from src\main\AndroidManifest.xml:65:19-78
activity#cn.kiway.brower.Activity.SettingActivity
ADDED from src\main\AndroidManifest.xml:71:9-74:20
	android:label
		ADDED from src\main\AndroidManifest.xml:72:19-56
	android:theme
		ADDED from src\main\AndroidManifest.xml:73:19-62
	android:name
		ADDED from src\main\AndroidManifest.xml:71:19-74
activity#cn.kiway.brower.Activity.WhitelistActivity
ADDED from src\main\AndroidManifest.xml:77:9-80:20
	android:label
		ADDED from src\main\AndroidManifest.xml:78:19-58
	android:theme
		ADDED from src\main\AndroidManifest.xml:79:19-64
	android:name
		ADDED from src\main\AndroidManifest.xml:77:19-76
activity#cn.kiway.brower.Activity.TokenActivity
ADDED from src\main\AndroidManifest.xml:83:9-86:20
	android:label
		ADDED from src\main\AndroidManifest.xml:84:19-54
	android:theme
		ADDED from src\main\AndroidManifest.xml:85:19-60
	android:name
		ADDED from src\main\AndroidManifest.xml:83:19-72
activity#cn.kiway.brower.Activity.ClearActivity
ADDED from src\main\AndroidManifest.xml:89:9-92:20
	android:label
		ADDED from src\main\AndroidManifest.xml:90:19-54
	android:theme
		ADDED from src\main\AndroidManifest.xml:91:19-60
	android:name
		ADDED from src\main\AndroidManifest.xml:89:19-72
service#cn.kiway.brower.Service.ClearService
ADDED from src\main\AndroidManifest.xml:95:9-98:19
	android:label
		ADDED from src\main\AndroidManifest.xml:96:18-50
	android:icon
		ADDED from src\main\AndroidManifest.xml:97:18-54
	android:name
		ADDED from src\main\AndroidManifest.xml:95:18-69